<?xml version="1.0" encoding="UTF-8"?>
<!-- Generated by org.testng.reporters.JUnitReportReporter -->
<testsuite hostname="DESKTOP-R4OHTNV" failures="0" tests="1" name="driverFactory.DriverScript" time="29.713" errors="0" timestamp="2024-03-05T12:51:41 IST" skipped="0">
  <testcase classname="driverFactory.DriverScript" name="startTest" time="29.713">
    <system-out>
      <![CDATA[Stock-000000831     Stock-000000831]]>
    </system-out>
  </testcase> <!-- startTest -->
  <system-out>
    <![CDATA[Stock-000000831     Stock-000000831]]>
  </system-out>
</testsuite> <!-- driverFactory.DriverScript -->
