<?xml version="1.0" encoding="UTF-8"?>
<!-- Generated by org.testng.reporters.JUnitReportReporter -->
<testsuite hostname="DESKTOP-R4OHTNV" failures="0" tests="1" name="driverFactory.AppTest" time="18.315" errors="0" timestamp="2024-03-05T17:35:52 IST" skipped="0">
  <testcase classname="driverFactory.AppTest" name="kickStart" time="18.315">
    <system-out>
      <![CDATA[Stock-000000837     Stock-000000837]]>
    </system-out>
  </testcase> <!-- kickStart -->
  <system-out>
    <![CDATA[Stock-000000837     Stock-000000837]]>
  </system-out>
</testsuite> <!-- driverFactory.AppTest -->
